Directories in use:
home:         C:\Users\derec\.Neo4jDesktop2\Data\dbmss\dbms-e3de8175-7977-4886-8152-e4523c950540
config:       C:\Users\derec\.Neo4jDesktop2\Data\dbmss\dbms-e3de8175-7977-4886-8152-e4523c950540\conf
logs:         C:\Users\derec\.Neo4jDesktop2\Data\dbmss\dbms-e3de8175-7977-4886-8152-e4523c950540\logs
plugins:      C:\Users\derec\.Neo4jDesktop2\Data\dbmss\dbms-e3de8175-7977-4886-8152-e4523c950540\plugins
import:       C:\Users\derec\.Neo4jDesktop2\Data\dbmss\dbms-e3de8175-7977-4886-8152-e4523c950540\import
data:         C:\Users\derec\.Neo4jDesktop2\Data\dbmss\dbms-e3de8175-7977-4886-8152-e4523c950540\data
certificates: C:\Users\derec\.Neo4jDesktop2\Data\dbmss\dbms-e3de8175-7977-4886-8152-e4523c950540\certificates
licenses:     C:\Users\derec\.Neo4jDesktop2\Data\dbmss\dbms-e3de8175-7977-4886-8152-e4523c950540\licenses
run:          C:\Users\derec\.Neo4jDesktop2\Data\dbmss\dbms-e3de8175-7977-4886-8152-e4523c950540\run
Starting Neo4j.
2026-06-13 16:12:02.686+0000 INFO  Logging config in use: File 'C:\Users\derec\.Neo4jDesktop2\Data\dbmss\dbms-e3de8175-7977-4886-8152-e4523c950540\conf\user-logs.xml'
2026-06-13 16:12:02.701+0000 INFO  The license agreement was accepted with environment variable NEO4J_ACCEPT_LICENSE_AGREEMENT=yes when the Software was started.


2026-06-13 16:12:02.703+0000 INFO  Starting...
2026-06-13 16:12:05.588+0000 INFO  ======== Neo4j 2026.05.0 ========
2026-06-13 16:12:05.746+0000 INFO  This instance is ServerId{798dac30} (798dac30-428b-4666-aa61-0541aea926fa)
2026-06-13 16:12:06.456+0000 INFO  X-Forward header processing enabled with security controls
2026-06-13 16:12:06.456+0000 WARN  SECURITY WARNING: X-Forward headers accepted from any source - configure allow_proxies
2026-06-13 16:12:06.456+0000 WARN  SECURITY WARNING: X-Forward headers accept any hostname - configure allow_hosts
2026-06-13 16:12:06.572+0000 INFO  Resolved endpoints with LIST{endpoints:'[localhost:6000]'} to '[localhost:6000]'
2026-06-13 16:12:06.711+0000 INFO  Resolved endpoints with LIST{endpoints:'[localhost:6000]'} to '[localhost:6000]'
2026-06-13 16:12:08.508+0000 INFO  Default database 'neo4j' is created
2026-06-13 16:12:08.858+0000 INFO  Sending metrics to CSV file at C:\Users\derec\.Neo4jDesktop2\Data\dbmss\dbms-e3de8175-7977-4886-8152-e4523c950540\metrics
2026-06-13 16:12:08.891+0000 INFO  Anonymous Usage Data is being sent to Neo4j, see https://neo4j.com/docs/usage-data/
2026-06-13 16:12:08.896+0000 INFO  Bolt enabled on localhost:7687.
2026-06-13 16:12:08.896+0000 INFO  Bolt (Routing) enabled on localhost:7688.
2026-06-13 16:12:08.915+0000 INFO  Fleet discovery broadcasts have been enabled for 1 network: 192.168.15.255
2026-06-13 16:12:09.893+0000 INFO  This server has built-in support for online monitoring through Fleet Manager. Visit https://console.neo4j.io to get started!
2026-06-13 16:12:09.948+0000 INFO  HTTP enabled on localhost:7474.
2026-06-13 16:12:09.948+0000 INFO  Remote interface available at http://localhost:7474/
2026-06-13 16:12:09.960+0000 INFO  id: 608109EA704D14137A764CB02792B7E325BA683414644931C0E8553F06DE0377
2026-06-13 16:12:09.960+0000 INFO  name: system
2026-06-13 16:12:09.960+0000 INFO  creationDate: 2026-06-13T16:12:07.29Z
2026-06-13 16:12:09.960+0000 INFO  Started.
2026-06-13 16:52:42.855+0000 INFO  Neo4j Server shutdown initiated by request
2026-06-13 16:52:42.856+0000 INFO  Stopping...
2026-06-13 16:53:11.889+0000 INFO  Stopped.
Directories in use:
home:         C:\Users\derec\.Neo4jDesktop2\Data\dbmss\dbms-e3de8175-7977-4886-8152-e4523c950540
config:       C:\Users\derec\.Neo4jDesktop2\Data\dbmss\dbms-e3de8175-7977-4886-8152-e4523c950540\conf
logs:         C:\Users\derec\.Neo4jDesktop2\Data\dbmss\dbms-e3de8175-7977-4886-8152-e4523c950540\logs
plugins:      C:\Users\derec\.Neo4jDesktop2\Data\dbmss\dbms-e3de8175-7977-4886-8152-e4523c950540\plugins
import:       C:\Users\derec\.Neo4jDesktop2\Data\dbmss\dbms-e3de8175-7977-4886-8152-e4523c950540\import
data:         C:\Users\derec\.Neo4jDesktop2\Data\dbmss\dbms-e3de8175-7977-4886-8152-e4523c950540\data
certificates: C:\Users\derec\.Neo4jDesktop2\Data\dbmss\dbms-e3de8175-7977-4886-8152-e4523c950540\certificates
licenses:     C:\Users\derec\.Neo4jDesktop2\Data\dbmss\dbms-e3de8175-7977-4886-8152-e4523c950540\licenses
run:          C:\Users\derec\.Neo4jDesktop2\Data\dbmss\dbms-e3de8175-7977-4886-8152-e4523c950540\run
Starting Neo4j.
2026-06-13 17:20:26.755+0000 INFO  Logging config in use: File 'C:\Users\derec\.Neo4jDesktop2\Data\dbmss\dbms-e3de8175-7977-4886-8152-e4523c950540\conf\user-logs.xml'
2026-06-13 17:20:26.767+0000 INFO  The license agreement was accepted with environment variable NEO4J_ACCEPT_LICENSE_AGREEMENT=yes when the Software was started.


2026-06-13 17:20:26.770+0000 INFO  Starting...
2026-06-13 17:20:30.096+0000 INFO  ======== Neo4j 2026.05.0 ========
2026-06-13 17:20:30.296+0000 INFO  This instance is ServerId{798dac30} (798dac30-428b-4666-aa61-0541aea926fa)
2026-06-13 17:20:31.013+0000 INFO  X-Forward header processing enabled with security controls
2026-06-13 17:20:31.013+0000 WARN  SECURITY WARNING: X-Forward headers accepted from any source - configure allow_proxies
2026-06-13 17:20:31.014+0000 WARN  SECURITY WARNING: X-Forward headers accept any hostname - configure allow_hosts
2026-06-13 17:20:31.176+0000 INFO  Resolved endpoints with LIST{endpoints:'[localhost:6000]'} to '[localhost:6000]'
2026-06-13 17:20:31.336+0000 INFO  Resolved endpoints with LIST{endpoints:'[localhost:6000]'} to '[localhost:6000]'
2026-06-13 17:20:33.071+0000 INFO  Sending metrics to CSV file at C:\Users\derec\.Neo4jDesktop2\Data\dbmss\dbms-e3de8175-7977-4886-8152-e4523c950540\metrics
2026-06-13 17:20:33.119+0000 INFO  Anonymous Usage Data is being sent to Neo4j, see https://neo4j.com/docs/usage-data/
2026-06-13 17:20:33.130+0000 INFO  Bolt enabled on localhost:7687.
2026-06-13 17:20:33.133+0000 INFO  Bolt (Routing) enabled on localhost:7688.
2026-06-13 17:20:33.155+0000 INFO  Fleet discovery broadcasts have been enabled for 1 network: 192.168.15.255
2026-06-13 17:20:34.128+0000 INFO  This server has built-in support for online monitoring through Fleet Manager. Visit https://console.neo4j.io to get started!
2026-06-13 17:20:34.724+0000 INFO  HTTP enabled on localhost:7474.
2026-06-13 17:20:34.725+0000 INFO  Remote interface available at http://localhost:7474/
2026-06-13 17:20:34.730+0000 INFO  id: 608109EA704D14137A764CB02792B7E325BA683414644931C0E8553F06DE0377
2026-06-13 17:20:34.731+0000 INFO  name: system
2026-06-13 17:20:34.731+0000 INFO  creationDate: 2026-06-13T16:12:07.29Z
2026-06-13 17:20:34.731+0000 INFO  Started.
2026-06-13 17:38:45.738+0000 INFO  Neo4j Server shutdown initiated by request
2026-06-13 17:38:45.738+0000 INFO  Stopping...
2026-06-13 17:38:45.738+0000 INFO  Stopped.
Directories in use:
home:         C:\Users\derec\.Neo4jDesktop2\Data\dbmss\dbms-e3de8175-7977-4886-8152-e4523c950540
config:       C:\Users\derec\.Neo4jDesktop2\Data\dbmss\dbms-e3de8175-7977-4886-8152-e4523c950540\conf
logs:         C:\Users\derec\.Neo4jDesktop2\Data\dbmss\dbms-e3de8175-7977-4886-8152-e4523c950540\logs
plugins:      C:\Users\derec\.Neo4jDesktop2\Data\dbmss\dbms-e3de8175-7977-4886-8152-e4523c950540\plugins
import:       C:\Users\derec\.Neo4jDesktop2\Data\dbmss\dbms-e3de8175-7977-4886-8152-e4523c950540\import
data:         C:\Users\derec\.Neo4jDesktop2\Data\dbmss\dbms-e3de8175-7977-4886-8152-e4523c950540\data
certificates: C:\Users\derec\.Neo4jDesktop2\Data\dbmss\dbms-e3de8175-7977-4886-8152-e4523c950540\certificates
licenses:     C:\Users\derec\.Neo4jDesktop2\Data\dbmss\dbms-e3de8175-7977-4886-8152-e4523c950540\licenses
run:          C:\Users\derec\.Neo4jDesktop2\Data\dbmss\dbms-e3de8175-7977-4886-8152-e4523c950540\run
Starting Neo4j.
2026-06-13 17:42:24.818+0000 INFO  Logging config in use: File 'C:\Users\derec\.Neo4jDesktop2\Data\dbmss\dbms-e3de8175-7977-4886-8152-e4523c950540\conf\user-logs.xml'
2026-06-13 17:42:24.823+0000 INFO  The license agreement was accepted with environment variable NEO4J_ACCEPT_LICENSE_AGREEMENT=yes when the Software was started.


2026-06-13 17:42:24.838+0000 INFO  Starting...
2026-06-13 17:42:29.506+0000 INFO  ======== Neo4j 2026.05.0 ========
2026-06-13 17:42:29.861+0000 INFO  This instance is ServerId{798dac30} (798dac30-428b-4666-aa61-0541aea926fa)
2026-06-13 17:42:31.210+0000 INFO  X-Forward header processing enabled with security controls
2026-06-13 17:42:31.210+0000 WARN  SECURITY WARNING: X-Forward headers accepted from any source - configure allow_proxies
2026-06-13 17:42:31.211+0000 WARN  SECURITY WARNING: X-Forward headers accept any hostname - configure allow_hosts
2026-06-13 17:42:31.450+0000 INFO  Resolved endpoints with LIST{endpoints:'[localhost:6000]'} to '[localhost:6000]'
2026-06-13 17:42:31.697+0000 INFO  Resolved endpoints with LIST{endpoints:'[localhost:6000]'} to '[localhost:6000]'
2026-06-13 17:42:35.116+0000 INFO  Sending metrics to CSV file at C:\Users\derec\.Neo4jDesktop2\Data\dbmss\dbms-e3de8175-7977-4886-8152-e4523c950540\metrics
2026-06-13 17:42:35.165+0000 INFO  Anonymous Usage Data is being sent to Neo4j, see https://neo4j.com/docs/usage-data/
2026-06-13 17:42:35.191+0000 INFO  Bolt enabled on localhost:7687.
2026-06-13 17:42:35.195+0000 INFO  Bolt (Routing) enabled on localhost:7688.
2026-06-13 17:42:35.248+0000 INFO  Fleet discovery broadcasts have been enabled for 1 network: 192.168.15.255
2026-06-13 17:42:36.183+0000 INFO  This server has built-in support for online monitoring through Fleet Manager. Visit https://console.neo4j.io to get started!
2026-06-13 17:42:37.386+0000 INFO  HTTP enabled on localhost:7474.
2026-06-13 17:42:37.387+0000 INFO  Remote interface available at http://localhost:7474/
2026-06-13 17:42:37.392+0000 INFO  id: 608109EA704D14137A764CB02792B7E325BA683414644931C0E8553F06DE0377
2026-06-13 17:42:37.393+0000 INFO  name: system
2026-06-13 17:42:37.393+0000 INFO  creationDate: 2026-06-13T16:12:07.29Z
2026-06-13 17:42:37.393+0000 INFO  Started.
2026-06-13 17:49:00.409+0000 INFO  Neo4j Server shutdown initiated by request
2026-06-13 17:49:00.409+0000 INFO  Stopping...
2026-06-13 17:49:00.409+0000 INFO  Stopped.
Directories in use:
home:         C:\Users\derec\.Neo4jDesktop2\Data\dbmss\dbms-e3de8175-7977-4886-8152-e4523c950540
config:       C:\Users\derec\.Neo4jDesktop2\Data\dbmss\dbms-e3de8175-7977-4886-8152-e4523c950540\conf
logs:         C:\Users\derec\.Neo4jDesktop2\Data\dbmss\dbms-e3de8175-7977-4886-8152-e4523c950540\logs
plugins:      C:\Users\derec\.Neo4jDesktop2\Data\dbmss\dbms-e3de8175-7977-4886-8152-e4523c950540\plugins
import:       C:\Users\derec\.Neo4jDesktop2\Data\dbmss\dbms-e3de8175-7977-4886-8152-e4523c950540\import
data:         C:\Users\derec\.Neo4jDesktop2\Data\dbmss\dbms-e3de8175-7977-4886-8152-e4523c950540\data
certificates: C:\Users\derec\.Neo4jDesktop2\Data\dbmss\dbms-e3de8175-7977-4886-8152-e4523c950540\certificates
licenses:     C:\Users\derec\.Neo4jDesktop2\Data\dbmss\dbms-e3de8175-7977-4886-8152-e4523c950540\licenses
run:          C:\Users\derec\.Neo4jDesktop2\Data\dbmss\dbms-e3de8175-7977-4886-8152-e4523c950540\run
Starting Neo4j.
2026-06-13 18:02:31.016+0000 INFO  Logging config in use: File 'C:\Users\derec\.Neo4jDesktop2\Data\dbmss\dbms-e3de8175-7977-4886-8152-e4523c950540\conf\user-logs.xml'
2026-06-13 18:02:31.036+0000 INFO  The license agreement was accepted with environment variable NEO4J_ACCEPT_LICENSE_AGREEMENT=yes when the Software was started.


2026-06-13 18:02:31.038+0000 INFO  Starting...
2026-06-13 18:02:33.982+0000 INFO  ======== Neo4j 2026.05.0 ========
2026-06-13 18:02:34.355+0000 INFO  This instance is ServerId{798dac30} (798dac30-428b-4666-aa61-0541aea926fa)
2026-06-13 18:02:35.550+0000 INFO  X-Forward header processing enabled with security controls
2026-06-13 18:02:35.550+0000 WARN  SECURITY WARNING: X-Forward headers accepted from any source - configure allow_proxies
2026-06-13 18:02:35.550+0000 WARN  SECURITY WARNING: X-Forward headers accept any hostname - configure allow_hosts
2026-06-13 18:02:35.784+0000 INFO  Resolved endpoints with LIST{endpoints:'[localhost:6000]'} to '[localhost:6000]'
2026-06-13 18:02:36.000+0000 INFO  Resolved endpoints with LIST{endpoints:'[localhost:6000]'} to '[localhost:6000]'
2026-06-13 18:02:39.650+0000 INFO  Sending metrics to CSV file at C:\Users\derec\.Neo4jDesktop2\Data\dbmss\dbms-e3de8175-7977-4886-8152-e4523c950540\metrics
2026-06-13 18:02:39.734+0000 INFO  Anonymous Usage Data is being sent to Neo4j, see https://neo4j.com/docs/usage-data/
2026-06-13 18:02:39.747+0000 INFO  Bolt enabled on localhost:7687.
2026-06-13 18:02:39.750+0000 INFO  Bolt (Routing) enabled on localhost:7688.
2026-06-13 18:02:39.800+0000 INFO  Fleet discovery broadcasts have been enabled for 1 network: 192.168.15.255
2026-06-13 18:02:40.776+0000 INFO  This server has built-in support for online monitoring through Fleet Manager. Visit https://console.neo4j.io to get started!
2026-06-13 18:02:45.725+0000 INFO  HTTP enabled on localhost:7474.
2026-06-13 18:02:45.729+0000 INFO  Remote interface available at http://localhost:7474/
2026-06-13 18:02:45.738+0000 INFO  id: 608109EA704D14137A764CB02792B7E325BA683414644931C0E8553F06DE0377
2026-06-13 18:02:45.739+0000 INFO  name: system
2026-06-13 18:02:45.740+0000 INFO  creationDate: 2026-06-13T16:12:07.29Z
2026-06-13 18:02:45.740+0000 INFO  Started.
2026-06-13 18:09:18.997+0000 INFO  Neo4j Server shutdown initiated by request
2026-06-13 18:09:18.997+0000 INFO  Stopping...
2026-06-13 18:09:19.013+0000 INFO  Stopped.
Directories in use:
home:         C:\Users\derec\.Neo4jDesktop2\Data\dbmss\dbms-e3de8175-7977-4886-8152-e4523c950540
config:       C:\Users\derec\.Neo4jDesktop2\Data\dbmss\dbms-e3de8175-7977-4886-8152-e4523c950540\conf
logs:         C:\Users\derec\.Neo4jDesktop2\Data\dbmss\dbms-e3de8175-7977-4886-8152-e4523c950540\logs
plugins:      C:\Users\derec\.Neo4jDesktop2\Data\dbmss\dbms-e3de8175-7977-4886-8152-e4523c950540\plugins
import:       C:\Users\derec\.Neo4jDesktop2\Data\dbmss\dbms-e3de8175-7977-4886-8152-e4523c950540\import
data:         C:\Users\derec\.Neo4jDesktop2\Data\dbmss\dbms-e3de8175-7977-4886-8152-e4523c950540\data
certificates: C:\Users\derec\.Neo4jDesktop2\Data\dbmss\dbms-e3de8175-7977-4886-8152-e4523c950540\certificates
licenses:     C:\Users\derec\.Neo4jDesktop2\Data\dbmss\dbms-e3de8175-7977-4886-8152-e4523c950540\licenses
run:          C:\Users\derec\.Neo4jDesktop2\Data\dbmss\dbms-e3de8175-7977-4886-8152-e4523c950540\run
Starting Neo4j.
2026-06-13 18:09:24.531+0000 INFO  Logging config in use: File 'C:\Users\derec\.Neo4jDesktop2\Data\dbmss\dbms-e3de8175-7977-4886-8152-e4523c950540\conf\user-logs.xml'
2026-06-13 18:09:24.541+0000 INFO  The license agreement was accepted with environment variable NEO4J_ACCEPT_LICENSE_AGREEMENT=yes when the Software was started.


2026-06-13 18:09:24.541+0000 INFO  Starting...
2026-06-13 18:09:28.125+0000 INFO  ======== Neo4j 2026.05.0 ========
2026-06-13 18:09:28.544+0000 INFO  This instance is ServerId{798dac30} (798dac30-428b-4666-aa61-0541aea926fa)
2026-06-13 18:09:29.867+0000 INFO  X-Forward header processing enabled with security controls
2026-06-13 18:09:29.867+0000 WARN  SECURITY WARNING: X-Forward headers accepted from any source - configure allow_proxies
2026-06-13 18:09:29.867+0000 WARN  SECURITY WARNING: X-Forward headers accept any hostname - configure allow_hosts
2026-06-13 18:09:30.127+0000 INFO  Resolved endpoints with LIST{endpoints:'[localhost:6000]'} to '[localhost:6000]'
2026-06-13 18:09:30.351+0000 INFO  Resolved endpoints with LIST{endpoints:'[localhost:6000]'} to '[localhost:6000]'
2026-06-13 18:09:33.148+0000 INFO  Sending metrics to CSV file at C:\Users\derec\.Neo4jDesktop2\Data\dbmss\dbms-e3de8175-7977-4886-8152-e4523c950540\metrics
2026-06-13 18:09:33.206+0000 INFO  Anonymous Usage Data is being sent to Neo4j, see https://neo4j.com/docs/usage-data/
2026-06-13 18:09:33.215+0000 INFO  Bolt enabled on localhost:7687.
2026-06-13 18:09:33.215+0000 INFO  Bolt (Routing) enabled on localhost:7688.
2026-06-13 18:09:33.282+0000 INFO  Fleet discovery broadcasts have been enabled for 1 network: 192.168.15.255
2026-06-13 18:09:34.231+0000 INFO  This server has built-in support for online monitoring through Fleet Manager. Visit https://console.neo4j.io to get started!
2026-06-13 18:09:35.655+0000 INFO  HTTP enabled on localhost:7474.
2026-06-13 18:09:35.656+0000 INFO  Remote interface available at http://localhost:7474/
2026-06-13 18:09:35.661+0000 INFO  id: 608109EA704D14137A764CB02792B7E325BA683414644931C0E8553F06DE0377
2026-06-13 18:09:35.661+0000 INFO  name: system
2026-06-13 18:09:35.661+0000 INFO  creationDate: 2026-06-13T16:12:07.29Z
2026-06-13 18:09:35.661+0000 INFO  Started.
2026-06-13 18:11:01.959+0000 INFO  Neo4j Server shutdown initiated by request
2026-06-13 18:11:01.961+0000 INFO  Stopping...
2026-06-13 18:11:01.963+0000 INFO  Stopped.
Directories in use:
home:         C:\Users\derec\.Neo4jDesktop2\Data\dbmss\dbms-e3de8175-7977-4886-8152-e4523c950540
config:       C:\Users\derec\.Neo4jDesktop2\Data\dbmss\dbms-e3de8175-7977-4886-8152-e4523c950540\conf
logs:         C:\Users\derec\.Neo4jDesktop2\Data\dbmss\dbms-e3de8175-7977-4886-8152-e4523c950540\logs
plugins:      C:\Users\derec\.Neo4jDesktop2\Data\dbmss\dbms-e3de8175-7977-4886-8152-e4523c950540\plugins
import:       C:\Users\derec\.Neo4jDesktop2\Data\dbmss\dbms-e3de8175-7977-4886-8152-e4523c950540\import
data:         C:\Users\derec\.Neo4jDesktop2\Data\dbmss\dbms-e3de8175-7977-4886-8152-e4523c950540\data
certificates: C:\Users\derec\.Neo4jDesktop2\Data\dbmss\dbms-e3de8175-7977-4886-8152-e4523c950540\certificates
licenses:     C:\Users\derec\.Neo4jDesktop2\Data\dbmss\dbms-e3de8175-7977-4886-8152-e4523c950540\licenses
run:          C:\Users\derec\.Neo4jDesktop2\Data\dbmss\dbms-e3de8175-7977-4886-8152-e4523c950540\run
Starting Neo4j.
2026-06-13 19:33:17.851+0000 INFO  Logging config in use: File 'C:\Users\derec\.Neo4jDesktop2\Data\dbmss\dbms-e3de8175-7977-4886-8152-e4523c950540\conf\user-logs.xml'
2026-06-13 19:33:17.860+0000 INFO  The license agreement was accepted with environment variable NEO4J_ACCEPT_LICENSE_AGREEMENT=yes when the Software was started.


2026-06-13 19:33:17.860+0000 INFO  Starting...
2026-06-13 19:33:20.779+0000 INFO  ======== Neo4j 2026.05.0 ========
2026-06-13 19:33:21.219+0000 INFO  This instance is ServerId{798dac30} (798dac30-428b-4666-aa61-0541aea926fa)
2026-06-13 19:33:22.382+0000 INFO  X-Forward header processing enabled with security controls
2026-06-13 19:33:22.383+0000 WARN  SECURITY WARNING: X-Forward headers accepted from any source - configure allow_proxies
2026-06-13 19:33:22.383+0000 WARN  SECURITY WARNING: X-Forward headers accept any hostname - configure allow_hosts
2026-06-13 19:33:22.596+0000 INFO  Resolved endpoints with LIST{endpoints:'[localhost:6000]'} to '[localhost:6000]'
2026-06-13 19:33:22.831+0000 INFO  Resolved endpoints with LIST{endpoints:'[localhost:6000]'} to '[localhost:6000]'
2026-06-13 19:33:25.402+0000 INFO  Sending metrics to CSV file at C:\Users\derec\.Neo4jDesktop2\Data\dbmss\dbms-e3de8175-7977-4886-8152-e4523c950540\metrics
2026-06-13 19:33:25.467+0000 INFO  Anonymous Usage Data is being sent to Neo4j, see https://neo4j.com/docs/usage-data/
2026-06-13 19:33:25.485+0000 INFO  Bolt enabled on localhost:7687.
2026-06-13 19:33:25.485+0000 INFO  Bolt (Routing) enabled on localhost:7688.
2026-06-13 19:33:25.551+0000 INFO  Fleet discovery broadcasts have been enabled for 1 network: 192.168.15.255
2026-06-13 19:33:26.495+0000 INFO  This server has built-in support for online monitoring through Fleet Manager. Visit https://console.neo4j.io to get started!
2026-06-13 19:33:28.818+0000 INFO  HTTP enabled on localhost:7474.
2026-06-13 19:33:28.822+0000 INFO  Remote interface available at http://localhost:7474/
2026-06-13 19:33:28.829+0000 INFO  id: 608109EA704D14137A764CB02792B7E325BA683414644931C0E8553F06DE0377
2026-06-13 19:33:28.829+0000 INFO  name: system
2026-06-13 19:33:28.829+0000 INFO  creationDate: 2026-06-13T16:12:07.29Z
2026-06-13 19:33:28.829+0000 INFO  Started.
2026-06-13 19:36:53.032+0000 INFO  Neo4j Server shutdown initiated by request
2026-06-13 19:36:53.032+0000 INFO  Stopping...
2026-06-13 19:36:53.050+0000 INFO  Stopped.
Directories in use:
home:         C:\Users\derec\.Neo4jDesktop2\Data\dbmss\dbms-e3de8175-7977-4886-8152-e4523c950540
config:       C:\Users\derec\.Neo4jDesktop2\Data\dbmss\dbms-e3de8175-7977-4886-8152-e4523c950540\conf
logs:         C:\Users\derec\.Neo4jDesktop2\Data\dbmss\dbms-e3de8175-7977-4886-8152-e4523c950540\logs
plugins:      C:\Users\derec\.Neo4jDesktop2\Data\dbmss\dbms-e3de8175-7977-4886-8152-e4523c950540\plugins
import:       C:\Users\derec\.Neo4jDesktop2\Data\dbmss\dbms-e3de8175-7977-4886-8152-e4523c950540\import
data:         C:\Users\derec\.Neo4jDesktop2\Data\dbmss\dbms-e3de8175-7977-4886-8152-e4523c950540\data
certificates: C:\Users\derec\.Neo4jDesktop2\Data\dbmss\dbms-e3de8175-7977-4886-8152-e4523c950540\certificates
licenses:     C:\Users\derec\.Neo4jDesktop2\Data\dbmss\dbms-e3de8175-7977-4886-8152-e4523c950540\licenses
run:          C:\Users\derec\.Neo4jDesktop2\Data\dbmss\dbms-e3de8175-7977-4886-8152-e4523c950540\run
Starting Neo4j.
2026-06-13 20:05:41.783+0000 INFO  Logging config in use: File 'C:\Users\derec\.Neo4jDesktop2\Data\dbmss\dbms-e3de8175-7977-4886-8152-e4523c950540\conf\user-logs.xml'
2026-06-13 20:05:41.797+0000 INFO  The license agreement was accepted with environment variable NEO4J_ACCEPT_LICENSE_AGREEMENT=yes when the Software was started.


2026-06-13 20:05:41.802+0000 INFO  Starting...
2026-06-13 20:05:44.688+0000 INFO  ======== Neo4j 2026.05.0 ========
2026-06-13 20:05:45.161+0000 INFO  This instance is ServerId{798dac30} (798dac30-428b-4666-aa61-0541aea926fa)
2026-06-13 20:05:46.238+0000 INFO  X-Forward header processing enabled with security controls
2026-06-13 20:05:46.239+0000 WARN  SECURITY WARNING: X-Forward headers accepted from any source - configure allow_proxies
2026-06-13 20:05:46.239+0000 WARN  SECURITY WARNING: X-Forward headers accept any hostname - configure allow_hosts
2026-06-13 20:05:46.462+0000 INFO  Resolved endpoints with LIST{endpoints:'[localhost:6000]'} to '[localhost:6000]'
2026-06-13 20:05:46.704+0000 INFO  Resolved endpoints with LIST{endpoints:'[localhost:6000]'} to '[localhost:6000]'
2026-06-13 20:05:50.091+0000 INFO  Sending metrics to CSV file at C:\Users\derec\.Neo4jDesktop2\Data\dbmss\dbms-e3de8175-7977-4886-8152-e4523c950540\metrics
2026-06-13 20:05:50.155+0000 INFO  Anonymous Usage Data is being sent to Neo4j, see https://neo4j.com/docs/usage-data/
2026-06-13 20:05:50.178+0000 INFO  Bolt enabled on localhost:7687.
2026-06-13 20:05:50.180+0000 INFO  Bolt (Routing) enabled on localhost:7688.
2026-06-13 20:05:50.213+0000 INFO  Fleet discovery broadcasts have been enabled for 1 network: 192.168.15.255
2026-06-13 20:05:51.163+0000 INFO  This server has built-in support for online monitoring through Fleet Manager. Visit https://console.neo4j.io to get started!
2026-06-13 20:05:53.019+0000 INFO  HTTP enabled on localhost:7474.
2026-06-13 20:05:53.021+0000 INFO  Remote interface available at http://localhost:7474/
2026-06-13 20:05:53.030+0000 INFO  id: 608109EA704D14137A764CB02792B7E325BA683414644931C0E8553F06DE0377
2026-06-13 20:05:53.036+0000 INFO  name: system
2026-06-13 20:05:53.036+0000 INFO  creationDate: 2026-06-13T16:12:07.29Z
2026-06-13 20:05:53.036+0000 INFO  Started.
2026-06-13 20:23:56.267+0000 INFO  Neo4j Server shutdown initiated by request
2026-06-13 20:23:56.269+0000 INFO  Stopping...
2026-06-13 20:23:56.276+0000 INFO  Stopped.
Directories in use:
home:         C:\Users\derec\.Neo4jDesktop2\Data\dbmss\dbms-e3de8175-7977-4886-8152-e4523c950540
config:       C:\Users\derec\.Neo4jDesktop2\Data\dbmss\dbms-e3de8175-7977-4886-8152-e4523c950540\conf
logs:         C:\Users\derec\.Neo4jDesktop2\Data\dbmss\dbms-e3de8175-7977-4886-8152-e4523c950540\logs
plugins:      C:\Users\derec\.Neo4jDesktop2\Data\dbmss\dbms-e3de8175-7977-4886-8152-e4523c950540\plugins
import:       C:\Users\derec\.Neo4jDesktop2\Data\dbmss\dbms-e3de8175-7977-4886-8152-e4523c950540\import
data:         C:\Users\derec\.Neo4jDesktop2\Data\dbmss\dbms-e3de8175-7977-4886-8152-e4523c950540\data
certificates: C:\Users\derec\.Neo4jDesktop2\Data\dbmss\dbms-e3de8175-7977-4886-8152-e4523c950540\certificates
licenses:     C:\Users\derec\.Neo4jDesktop2\Data\dbmss\dbms-e3de8175-7977-4886-8152-e4523c950540\licenses
run:          C:\Users\derec\.Neo4jDesktop2\Data\dbmss\dbms-e3de8175-7977-4886-8152-e4523c950540\run
Starting Neo4j.
2026-06-13 20:28:09.407+0000 INFO  Logging config in use: File 'C:\Users\derec\.Neo4jDesktop2\Data\dbmss\dbms-e3de8175-7977-4886-8152-e4523c950540\conf\user-logs.xml'
2026-06-13 20:28:09.419+0000 INFO  The license agreement was accepted with environment variable NEO4J_ACCEPT_LICENSE_AGREEMENT=yes when the Software was started.


2026-06-13 20:28:09.423+0000 INFO  Starting...
2026-06-13 20:28:13.161+0000 INFO  ======== Neo4j 2026.05.0 ========
2026-06-13 20:28:13.593+0000 INFO  This instance is ServerId{798dac30} (798dac30-428b-4666-aa61-0541aea926fa)
2026-06-13 20:28:14.694+0000 INFO  X-Forward header processing enabled with security controls
2026-06-13 20:28:14.695+0000 WARN  SECURITY WARNING: X-Forward headers accepted from any source - configure allow_proxies
2026-06-13 20:28:14.695+0000 WARN  SECURITY WARNING: X-Forward headers accept any hostname - configure allow_hosts
2026-06-13 20:28:14.952+0000 INFO  Resolved endpoints with LIST{endpoints:'[localhost:6000]'} to '[localhost:6000]'
2026-06-13 20:28:15.194+0000 INFO  Resolved endpoints with LIST{endpoints:'[localhost:6000]'} to '[localhost:6000]'
2026-06-13 20:28:18.209+0000 INFO  Sending metrics to CSV file at C:\Users\derec\.Neo4jDesktop2\Data\dbmss\dbms-e3de8175-7977-4886-8152-e4523c950540\metrics
2026-06-13 20:28:18.285+0000 INFO  Anonymous Usage Data is being sent to Neo4j, see https://neo4j.com/docs/usage-data/
2026-06-13 20:28:18.299+0000 INFO  Bolt enabled on localhost:7687.
2026-06-13 20:28:18.304+0000 INFO  Bolt (Routing) enabled on localhost:7688.
2026-06-13 20:28:18.339+0000 INFO  Fleet discovery broadcasts have been enabled for 1 network: 192.168.15.255
2026-06-13 20:28:19.293+0000 INFO  This server has built-in support for online monitoring through Fleet Manager. Visit https://console.neo4j.io to get started!
2026-06-13 20:28:21.124+0000 INFO  HTTP enabled on localhost:7474.
2026-06-13 20:28:21.126+0000 INFO  Remote interface available at http://localhost:7474/
2026-06-13 20:28:21.129+0000 INFO  id: 608109EA704D14137A764CB02792B7E325BA683414644931C0E8553F06DE0377
2026-06-13 20:28:21.129+0000 INFO  name: system
2026-06-13 20:28:21.129+0000 INFO  creationDate: 2026-06-13T16:12:07.29Z
2026-06-13 20:28:21.129+0000 INFO  Started.
2026-06-13 20:45:54.859+0000 INFO  Neo4j Server shutdown initiated by request
2026-06-13 20:45:54.860+0000 INFO  Stopping...
2026-06-13 20:45:54.863+0000 INFO  Stopped.
Directories in use:
home:         C:\Users\derec\.Neo4jDesktop2\Data\dbmss\dbms-e3de8175-7977-4886-8152-e4523c950540
config:       C:\Users\derec\.Neo4jDesktop2\Data\dbmss\dbms-e3de8175-7977-4886-8152-e4523c950540\conf
logs:         C:\Users\derec\.Neo4jDesktop2\Data\dbmss\dbms-e3de8175-7977-4886-8152-e4523c950540\logs
plugins:      C:\Users\derec\.Neo4jDesktop2\Data\dbmss\dbms-e3de8175-7977-4886-8152-e4523c950540\plugins
import:       C:\Users\derec\.Neo4jDesktop2\Data\dbmss\dbms-e3de8175-7977-4886-8152-e4523c950540\import
data:         C:\Users\derec\.Neo4jDesktop2\Data\dbmss\dbms-e3de8175-7977-4886-8152-e4523c950540\data
certificates: C:\Users\derec\.Neo4jDesktop2\Data\dbmss\dbms-e3de8175-7977-4886-8152-e4523c950540\certificates
licenses:     C:\Users\derec\.Neo4jDesktop2\Data\dbmss\dbms-e3de8175-7977-4886-8152-e4523c950540\licenses
run:          C:\Users\derec\.Neo4jDesktop2\Data\dbmss\dbms-e3de8175-7977-4886-8152-e4523c950540\run
Starting Neo4j.
2026-06-14 00:58:44.741+0000 INFO  Logging config in use: File 'C:\Users\derec\.Neo4jDesktop2\Data\dbmss\dbms-e3de8175-7977-4886-8152-e4523c950540\conf\user-logs.xml'
2026-06-14 00:58:44.767+0000 INFO  The license agreement was accepted with environment variable NEO4J_ACCEPT_LICENSE_AGREEMENT=yes when the Software was started.


2026-06-14 00:58:44.774+0000 INFO  Starting...
2026-06-14 00:58:51.793+0000 INFO  ======== Neo4j 2026.05.0 ========
2026-06-14 00:58:52.076+0000 INFO  This instance is ServerId{798dac30} (798dac30-428b-4666-aa61-0541aea926fa)
2026-06-14 00:58:53.226+0000 INFO  X-Forward header processing enabled with security controls
2026-06-14 00:58:53.226+0000 WARN  SECURITY WARNING: X-Forward headers accepted from any source - configure allow_proxies
2026-06-14 00:58:53.227+0000 WARN  SECURITY WARNING: X-Forward headers accept any hostname - configure allow_hosts
2026-06-14 00:58:53.463+0000 INFO  Resolved endpoints with LIST{endpoints:'[localhost:6000]'} to '[localhost:6000]'
2026-06-14 00:58:53.685+0000 INFO  Resolved endpoints with LIST{endpoints:'[localhost:6000]'} to '[localhost:6000]'
2026-06-14 00:58:57.291+0000 INFO  Sending metrics to CSV file at C:\Users\derec\.Neo4jDesktop2\Data\dbmss\dbms-e3de8175-7977-4886-8152-e4523c950540\metrics
2026-06-14 00:58:57.359+0000 INFO  Anonymous Usage Data is being sent to Neo4j, see https://neo4j.com/docs/usage-data/
2026-06-14 00:58:57.370+0000 INFO  Bolt enabled on localhost:7687.
2026-06-14 00:58:57.372+0000 INFO  Bolt (Routing) enabled on localhost:7688.
2026-06-14 00:58:57.406+0000 INFO  Fleet discovery broadcasts have been enabled for 1 network: 192.168.15.255
2026-06-14 00:58:58.367+0000 INFO  This server has built-in support for online monitoring through Fleet Manager. Visit https://console.neo4j.io to get started!
2026-06-14 00:58:59.465+0000 INFO  HTTP enabled on localhost:7474.
2026-06-14 00:58:59.466+0000 INFO  Remote interface available at http://localhost:7474/
2026-06-14 00:58:59.471+0000 INFO  id: 608109EA704D14137A764CB02792B7E325BA683414644931C0E8553F06DE0377
2026-06-14 00:58:59.472+0000 INFO  name: system
2026-06-14 00:58:59.472+0000 INFO  creationDate: 2026-06-13T16:12:07.29Z
2026-06-14 00:58:59.472+0000 INFO  Started.
2026-06-14 01:10:40.278+0000 INFO  Neo4j Server shutdown initiated by request
2026-06-14 01:10:40.291+0000 INFO  Stopping...
2026-06-14 01:10:40.294+0000 INFO  Stopped.
Directories in use:
home:         C:\Users\derec\.Neo4jDesktop2\Data\dbmss\dbms-e3de8175-7977-4886-8152-e4523c950540
config:       C:\Users\derec\.Neo4jDesktop2\Data\dbmss\dbms-e3de8175-7977-4886-8152-e4523c950540\conf
logs:         C:\Users\derec\.Neo4jDesktop2\Data\dbmss\dbms-e3de8175-7977-4886-8152-e4523c950540\logs
plugins:      C:\Users\derec\.Neo4jDesktop2\Data\dbmss\dbms-e3de8175-7977-4886-8152-e4523c950540\plugins
import:       C:\Users\derec\.Neo4jDesktop2\Data\dbmss\dbms-e3de8175-7977-4886-8152-e4523c950540\import
data:         C:\Users\derec\.Neo4jDesktop2\Data\dbmss\dbms-e3de8175-7977-4886-8152-e4523c950540\data
certificates: C:\Users\derec\.Neo4jDesktop2\Data\dbmss\dbms-e3de8175-7977-4886-8152-e4523c950540\certificates
licenses:     C:\Users\derec\.Neo4jDesktop2\Data\dbmss\dbms-e3de8175-7977-4886-8152-e4523c950540\licenses
run:          C:\Users\derec\.Neo4jDesktop2\Data\dbmss\dbms-e3de8175-7977-4886-8152-e4523c950540\run
Starting Neo4j.
2026-06-14 01:14:13.846+0000 INFO  Logging config in use: File 'C:\Users\derec\.Neo4jDesktop2\Data\dbmss\dbms-e3de8175-7977-4886-8152-e4523c950540\conf\user-logs.xml'
2026-06-14 01:14:13.869+0000 INFO  The license agreement was accepted with environment variable NEO4J_ACCEPT_LICENSE_AGREEMENT=yes when the Software was started.


2026-06-14 01:14:13.872+0000 INFO  Starting...
2026-06-14 01:14:17.569+0000 INFO  ======== Neo4j 2026.05.0 ========
2026-06-14 01:14:18.052+0000 INFO  This instance is ServerId{798dac30} (798dac30-428b-4666-aa61-0541aea926fa)
2026-06-14 01:14:19.137+0000 INFO  X-Forward header processing enabled with security controls
2026-06-14 01:14:19.137+0000 WARN  SECURITY WARNING: X-Forward headers accepted from any source - configure allow_proxies
2026-06-14 01:14:19.137+0000 WARN  SECURITY WARNING: X-Forward headers accept any hostname - configure allow_hosts
2026-06-14 01:14:19.415+0000 INFO  Resolved endpoints with LIST{endpoints:'[localhost:6000]'} to '[localhost:6000]'
2026-06-14 01:14:19.576+0000 INFO  Resolved endpoints with LIST{endpoints:'[localhost:6000]'} to '[localhost:6000]'
2026-06-14 01:14:21.259+0000 INFO  Sending metrics to CSV file at C:\Users\derec\.Neo4jDesktop2\Data\dbmss\dbms-e3de8175-7977-4886-8152-e4523c950540\metrics
2026-06-14 01:14:21.286+0000 INFO  Anonymous Usage Data is being sent to Neo4j, see https://neo4j.com/docs/usage-data/
2026-06-14 01:14:21.292+0000 INFO  Bolt enabled on localhost:7687.
2026-06-14 01:14:21.293+0000 INFO  Bolt (Routing) enabled on localhost:7688.
2026-06-14 01:14:21.311+0000 INFO  Fleet discovery broadcasts have been enabled for 1 network: 192.168.15.255
2026-06-14 01:14:22.300+0000 INFO  This server has built-in support for online monitoring through Fleet Manager. Visit https://console.neo4j.io to get started!
2026-06-14 01:14:22.332+0000 INFO  HTTP enabled on localhost:7474.
2026-06-14 01:14:22.333+0000 INFO  Remote interface available at http://localhost:7474/
2026-06-14 01:14:22.336+0000 INFO  id: 608109EA704D14137A764CB02792B7E325BA683414644931C0E8553F06DE0377
2026-06-14 01:14:22.336+0000 INFO  name: system
2026-06-14 01:14:22.336+0000 INFO  creationDate: 2026-06-13T16:12:07.29Z
2026-06-14 01:14:22.336+0000 INFO  Started.
2026-06-14 02:03:06.566+0000 INFO  Neo4j Server shutdown initiated by request
2026-06-14 02:03:06.567+0000 INFO  Stopping...
2026-06-14 02:03:06.574+0000 INFO  Stopped.
Directories in use:
home:         C:\Users\derec\.Neo4jDesktop2\Data\dbmss\dbms-e3de8175-7977-4886-8152-e4523c950540
config:       C:\Users\derec\.Neo4jDesktop2\Data\dbmss\dbms-e3de8175-7977-4886-8152-e4523c950540\conf
logs:         C:\Users\derec\.Neo4jDesktop2\Data\dbmss\dbms-e3de8175-7977-4886-8152-e4523c950540\logs
plugins:      C:\Users\derec\.Neo4jDesktop2\Data\dbmss\dbms-e3de8175-7977-4886-8152-e4523c950540\plugins
import:       C:\Users\derec\.Neo4jDesktop2\Data\dbmss\dbms-e3de8175-7977-4886-8152-e4523c950540\import
data:         C:\Users\derec\.Neo4jDesktop2\Data\dbmss\dbms-e3de8175-7977-4886-8152-e4523c950540\data
certificates: C:\Users\derec\.Neo4jDesktop2\Data\dbmss\dbms-e3de8175-7977-4886-8152-e4523c950540\certificates
licenses:     C:\Users\derec\.Neo4jDesktop2\Data\dbmss\dbms-e3de8175-7977-4886-8152-e4523c950540\licenses
run:          C:\Users\derec\.Neo4jDesktop2\Data\dbmss\dbms-e3de8175-7977-4886-8152-e4523c950540\run
Starting Neo4j.
2026-06-14 02:04:30.901+0000 INFO  Logging config in use: File 'C:\Users\derec\.Neo4jDesktop2\Data\dbmss\dbms-e3de8175-7977-4886-8152-e4523c950540\conf\user-logs.xml'
2026-06-14 02:04:30.918+0000 INFO  The license agreement was accepted with environment variable NEO4J_ACCEPT_LICENSE_AGREEMENT=yes when the Software was started.


2026-06-14 02:04:30.921+0000 INFO  Starting...
2026-06-14 02:04:34.077+0000 INFO  ======== Neo4j 2026.05.0 ========
2026-06-14 02:04:34.230+0000 INFO  This instance is ServerId{798dac30} (798dac30-428b-4666-aa61-0541aea926fa)
2026-06-14 02:04:34.860+0000 INFO  X-Forward header processing enabled with security controls
2026-06-14 02:04:34.860+0000 WARN  SECURITY WARNING: X-Forward headers accepted from any source - configure allow_proxies
2026-06-14 02:04:34.861+0000 WARN  SECURITY WARNING: X-Forward headers accept any hostname - configure allow_hosts
2026-06-14 02:04:35.002+0000 INFO  Resolved endpoints with LIST{endpoints:'[localhost:6000]'} to '[localhost:6000]'
2026-06-14 02:04:35.118+0000 INFO  Resolved endpoints with LIST{endpoints:'[localhost:6000]'} to '[localhost:6000]'
2026-06-14 02:04:36.919+0000 INFO  Sending metrics to CSV file at C:\Users\derec\.Neo4jDesktop2\Data\dbmss\dbms-e3de8175-7977-4886-8152-e4523c950540\metrics
2026-06-14 02:04:36.956+0000 INFO  Anonymous Usage Data is being sent to Neo4j, see https://neo4j.com/docs/usage-data/
2026-06-14 02:04:36.963+0000 INFO  Bolt enabled on localhost:7687.
2026-06-14 02:04:36.965+0000 INFO  Bolt (Routing) enabled on localhost:7688.
2026-06-14 02:04:36.997+0000 INFO  Fleet discovery broadcasts have been enabled for 1 network: 192.168.15.255
2026-06-14 02:04:37.967+0000 INFO  This server has built-in support for online monitoring through Fleet Manager. Visit https://console.neo4j.io to get started!
2026-06-14 02:04:39.048+0000 INFO  HTTP enabled on localhost:7474.
2026-06-14 02:04:39.048+0000 INFO  Remote interface available at http://localhost:7474/
2026-06-14 02:04:39.053+0000 INFO  id: 608109EA704D14137A764CB02792B7E325BA683414644931C0E8553F06DE0377
2026-06-14 02:04:39.053+0000 INFO  name: system
2026-06-14 02:04:39.054+0000 INFO  creationDate: 2026-06-13T16:12:07.29Z
2026-06-14 02:04:39.054+0000 INFO  Started.
2026-06-14 02:23:54.052+0000 INFO  Neo4j Server shutdown initiated by request
2026-06-14 02:23:54.053+0000 INFO  Stopping...
2026-06-14 02:23:54.057+0000 INFO  Stopped.
Directories in use:
home:         C:\Users\derec\.Neo4jDesktop2\Data\dbmss\dbms-e3de8175-7977-4886-8152-e4523c950540
config:       C:\Users\derec\.Neo4jDesktop2\Data\dbmss\dbms-e3de8175-7977-4886-8152-e4523c950540\conf
logs:         C:\Users\derec\.Neo4jDesktop2\Data\dbmss\dbms-e3de8175-7977-4886-8152-e4523c950540\logs
plugins:      C:\Users\derec\.Neo4jDesktop2\Data\dbmss\dbms-e3de8175-7977-4886-8152-e4523c950540\plugins
import:       C:\Users\derec\.Neo4jDesktop2\Data\dbmss\dbms-e3de8175-7977-4886-8152-e4523c950540\import
data:         C:\Users\derec\.Neo4jDesktop2\Data\dbmss\dbms-e3de8175-7977-4886-8152-e4523c950540\data
certificates: C:\Users\derec\.Neo4jDesktop2\Data\dbmss\dbms-e3de8175-7977-4886-8152-e4523c950540\certificates
licenses:     C:\Users\derec\.Neo4jDesktop2\Data\dbmss\dbms-e3de8175-7977-4886-8152-e4523c950540\licenses
run:          C:\Users\derec\.Neo4jDesktop2\Data\dbmss\dbms-e3de8175-7977-4886-8152-e4523c950540\run
Starting Neo4j.
2026-06-14 13:46:35.855+0000 INFO  Logging config in use: File 'C:\Users\derec\.Neo4jDesktop2\Data\dbmss\dbms-e3de8175-7977-4886-8152-e4523c950540\conf\user-logs.xml'
2026-06-14 13:46:35.871+0000 INFO  The license agreement was accepted with environment variable NEO4J_ACCEPT_LICENSE_AGREEMENT=yes when the Software was started.


2026-06-14 13:46:35.875+0000 INFO  Starting...
2026-06-14 13:46:41.414+0000 INFO  ======== Neo4j 2026.05.0 ========
2026-06-14 13:46:41.740+0000 INFO  This instance is ServerId{798dac30} (798dac30-428b-4666-aa61-0541aea926fa)
2026-06-14 13:46:43.162+0000 INFO  X-Forward header processing enabled with security controls
2026-06-14 13:46:43.163+0000 WARN  SECURITY WARNING: X-Forward headers accepted from any source - configure allow_proxies
2026-06-14 13:46:43.163+0000 WARN  SECURITY WARNING: X-Forward headers accept any hostname - configure allow_hosts
2026-06-14 13:46:43.523+0000 INFO  Resolved endpoints with LIST{endpoints:'[localhost:6000]'} to '[localhost:6000]'
2026-06-14 13:46:43.784+0000 INFO  Resolved endpoints with LIST{endpoints:'[localhost:6000]'} to '[localhost:6000]'
2026-06-14 13:46:46.312+0000 INFO  Sending metrics to CSV file at C:\Users\derec\.Neo4jDesktop2\Data\dbmss\dbms-e3de8175-7977-4886-8152-e4523c950540\metrics
2026-06-14 13:46:46.370+0000 INFO  Anonymous Usage Data is being sent to Neo4j, see https://neo4j.com/docs/usage-data/
2026-06-14 13:46:46.396+0000 INFO  Bolt enabled on localhost:7687.
2026-06-14 13:46:46.397+0000 INFO  Bolt (Routing) enabled on localhost:7688.
2026-06-14 13:46:46.423+0000 INFO  Fleet discovery broadcasts have been enabled for 1 network: 192.168.15.255
2026-06-14 13:46:47.408+0000 INFO  This server has built-in support for online monitoring through Fleet Manager. Visit https://console.neo4j.io to get started!
2026-06-14 13:46:48.418+0000 INFO  HTTP enabled on localhost:7474.
2026-06-14 13:46:48.420+0000 INFO  Remote interface available at http://localhost:7474/
2026-06-14 13:46:48.423+0000 INFO  id: 608109EA704D14137A764CB02792B7E325BA683414644931C0E8553F06DE0377
2026-06-14 13:46:48.424+0000 INFO  name: system
2026-06-14 13:46:48.424+0000 INFO  creationDate: 2026-06-13T16:12:07.29Z
2026-06-14 13:46:48.424+0000 INFO  Started.
2026-06-14 13:53:29.358+0000 INFO  Neo4j Server shutdown initiated by request
2026-06-14 13:53:29.360+0000 INFO  Stopping...
2026-06-14 13:53:29.367+0000 INFO  Stopped.
