2026-06-13 16:12:08.641+0000 INFO  CREATE USER neo4j PASSWORD ****** CHANGE NOT REQUIRED
2026-06-13 16:12:08.796+0000 INFO  CREATE ROLE admin
2026-06-13 16:12:08.797+0000 INFO  GRANT TRANSACTION MANAGEMENT ON DATABASE * TO admin
2026-06-13 16:12:08.798+0000 INFO  GRANT START ON DATABASE * TO admin
2026-06-13 16:12:08.798+0000 INFO  GRANT STOP ON DATABASE * TO admin
2026-06-13 16:12:08.798+0000 INFO  GRANT ALL ON DBMS TO admin
2026-06-13 16:12:08.798+0000 INFO  GRANT CONSTRAINT MANAGEMENT ON DATABASE * TO admin
2026-06-13 16:12:08.798+0000 INFO  GRANT INDEX MANAGEMENT ON DATABASE * TO admin
2026-06-13 16:12:08.799+0000 INFO  GRANT NAME MANAGEMENT ON DATABASE * TO admin
2026-06-13 16:12:08.799+0000 INFO  GRANT WRITE ON GRAPH * TO admin
2026-06-13 16:12:08.799+0000 INFO  GRANT MATCH {*} ON GRAPH * TO admin
2026-06-13 16:12:08.799+0000 INFO  GRANT ACCESS ON DATABASE * TO admin
2026-06-13 16:12:08.799+0000 INFO  GRANT SHOW INDEX ON DATABASE * TO admin
2026-06-13 16:12:08.799+0000 INFO  GRANT SHOW CONSTRAINTS ON DATABASE * TO admin
2026-06-13 16:12:08.799+0000 INFO  GRANT LOAD ON ALL DATA TO admin
2026-06-13 16:12:08.799+0000 INFO  CREATE ROLE architect
2026-06-13 16:12:08.799+0000 INFO  GRANT CONSTRAINT MANAGEMENT ON DATABASE * TO architect
2026-06-13 16:12:08.799+0000 INFO  GRANT INDEX MANAGEMENT ON DATABASE * TO architect
2026-06-13 16:12:08.800+0000 INFO  GRANT NAME MANAGEMENT ON DATABASE * TO architect
2026-06-13 16:12:08.800+0000 INFO  GRANT WRITE ON GRAPH * TO architect
2026-06-13 16:12:08.800+0000 INFO  GRANT MATCH {*} ON GRAPH * TO architect
2026-06-13 16:12:08.800+0000 INFO  GRANT ACCESS ON DATABASE * TO architect
2026-06-13 16:12:08.800+0000 INFO  GRANT SHOW INDEX ON DATABASE * TO architect
2026-06-13 16:12:08.800+0000 INFO  GRANT SHOW CONSTRAINTS ON DATABASE * TO architect
2026-06-13 16:12:08.800+0000 INFO  CREATE ROLE publisher
2026-06-13 16:12:08.800+0000 INFO  GRANT NAME MANAGEMENT ON DATABASE * TO publisher
2026-06-13 16:12:08.800+0000 INFO  GRANT WRITE ON GRAPH * TO publisher
2026-06-13 16:12:08.800+0000 INFO  GRANT MATCH {*} ON GRAPH * TO publisher
2026-06-13 16:12:08.800+0000 INFO  GRANT ACCESS ON DATABASE * TO publisher
2026-06-13 16:12:08.800+0000 INFO  GRANT SHOW INDEX ON DATABASE * TO publisher
2026-06-13 16:12:08.800+0000 INFO  GRANT SHOW CONSTRAINTS ON DATABASE * TO publisher
2026-06-13 16:12:08.800+0000 INFO  CREATE ROLE editor
2026-06-13 16:12:08.800+0000 INFO  GRANT WRITE ON GRAPH * TO editor
2026-06-13 16:12:08.800+0000 INFO  GRANT MATCH {*} ON GRAPH * TO editor
2026-06-13 16:12:08.800+0000 INFO  GRANT ACCESS ON DATABASE * TO editor
2026-06-13 16:12:08.800+0000 INFO  GRANT SHOW INDEX ON DATABASE * TO editor
2026-06-13 16:12:08.800+0000 INFO  GRANT SHOW CONSTRAINTS ON DATABASE * TO editor
2026-06-13 16:12:08.800+0000 INFO  CREATE ROLE reader
2026-06-13 16:12:08.800+0000 INFO  GRANT MATCH {*} ON GRAPH * TO reader
2026-06-13 16:12:08.800+0000 INFO  GRANT ACCESS ON DATABASE * TO reader
2026-06-13 16:12:08.800+0000 INFO  GRANT SHOW INDEX ON DATABASE * TO reader
2026-06-13 16:12:08.800+0000 INFO  GRANT SHOW CONSTRAINTS ON DATABASE * TO reader
2026-06-13 16:12:08.800+0000 INFO  CREATE ROLE PUBLIC
2026-06-13 16:12:08.802+0000 INFO  GRANT ACCESS ON HOME DATABASE TO PUBLIC
2026-06-13 16:12:08.802+0000 INFO  GRANT EXECUTE PROCEDURE * ON DBMS TO PUBLIC
2026-06-13 16:12:08.802+0000 INFO  GRANT EXECUTE FUNCTION * ON DBMS TO PUBLIC
2026-06-13 16:12:08.802+0000 INFO  GRANT LOAD ON ALL DATA TO PUBLIC
2026-06-13 16:12:08.802+0000 INFO  GRANT ROLE admin TO neo4j
2026-06-13 16:50:22.890+0000 INFO  [neo4j]: logged in
2026-06-13 16:50:22.981+0000 INFO  [neo4j]: logged in
2026-06-13 16:52:11.175+0000 INFO  [neo4j]: logged in
2026-06-13 16:52:11.904+0000 INFO  [neo4j]: CREATE DATABASE teste
2026-06-13 16:52:30.580+0000 INFO  [neo4j]: logged in
2026-06-13 17:20:34.832+0000 INFO  [neo4j]: logged in
2026-06-13 17:20:34.860+0000 INFO  [neo4j]: logged in
2026-06-13 17:20:39.661+0000 INFO  [neo4j]: logged in
2026-06-13 17:20:39.692+0000 INFO  [neo4j]: logged in
2026-06-13 17:23:33.397+0000 INFO  [neo4j]: logged in
2026-06-13 17:34:08.327+0000 INFO  [neo4j]: logged in
2026-06-13 17:34:08.327+0000 INFO  [neo4j]: logged in
2026-06-13 17:38:04.550+0000 INFO  [neo4j]: logged in
2026-06-13 17:42:39.068+0000 INFO  [neo4j]: logged in
2026-06-13 17:42:39.180+0000 INFO  [neo4j]: logged in
2026-06-13 17:42:58.414+0000 INFO  [neo4j]: logged in
2026-06-13 17:42:58.444+0000 INFO  [neo4j]: logged in
2026-06-13 17:43:38.980+0000 INFO  [neo4j]: logged in
2026-06-13 17:48:19.219+0000 INFO  [neo4j]: logged in
2026-06-13 18:02:43.240+0000 INFO  [neo4j]: logged in
2026-06-13 18:02:43.240+0000 INFO  [neo4j]: logged in
2026-06-13 18:03:59.204+0000 INFO  [neo4j]: logged in
2026-06-13 18:03:59.238+0000 INFO  [neo4j]: logged in
2026-06-13 18:04:52.077+0000 INFO  [neo4j]: logged in
2026-06-13 18:08:37.854+0000 INFO  [neo4j]: logged in
2026-06-13 18:09:35.081+0000 INFO  [neo4j]: logged in
2026-06-13 18:09:35.111+0000 INFO  [neo4j]: logged in
2026-06-13 18:09:40.368+0000 INFO  [neo4j]: logged in
2026-06-13 18:09:40.400+0000 INFO  [neo4j]: logged in
2026-06-13 18:09:57.205+0000 INFO  [neo4j]: logged in
2026-06-13 18:10:20.798+0000 INFO  [neo4j]: logged in
2026-06-13 19:33:26.892+0000 INFO  [neo4j]: logged in
2026-06-13 19:33:26.893+0000 INFO  [neo4j]: logged in
2026-06-13 19:33:53.166+0000 INFO  [neo4j]: logged in
2026-06-13 19:33:55.232+0000 INFO  [neo4j]: logged in
2026-06-13 19:33:55.725+0000 INFO  [neo4j]: logged in
2026-06-13 19:33:55.744+0000 INFO  [neo4j]: logged in
2026-06-13 19:33:55.764+0000 INFO  [neo4j]: logged in
2026-06-13 19:33:55.799+0000 INFO  [neo4j]: logged in
2026-06-13 19:33:55.822+0000 INFO  [neo4j]: logged in
2026-06-13 19:33:55.844+0000 INFO  [neo4j]: logged in
2026-06-13 19:33:55.873+0000 INFO  [neo4j]: logged in
2026-06-13 19:36:11.742+0000 INFO  [neo4j]: logged in
2026-06-13 20:05:51.947+0000 INFO  [neo4j]: logged in
2026-06-13 20:05:52.589+0000 INFO  [neo4j]: logged in
2026-06-13 20:06:39.666+0000 INFO  [neo4j]: logged in
2026-06-13 20:06:41.996+0000 INFO  [neo4j]: logged in
2026-06-13 20:06:42.574+0000 INFO  [neo4j]: logged in
2026-06-13 20:06:42.593+0000 INFO  [neo4j]: logged in
2026-06-13 20:06:42.608+0000 INFO  [neo4j]: logged in
2026-06-13 20:06:42.629+0000 INFO  [neo4j]: logged in
2026-06-13 20:06:42.654+0000 INFO  [neo4j]: logged in
2026-06-13 20:06:42.671+0000 INFO  [neo4j]: logged in
2026-06-13 20:06:42.688+0000 INFO  [neo4j]: logged in
2026-06-13 20:23:15.025+0000 INFO  [neo4j]: logged in
2026-06-13 20:28:21.277+0000 INFO  [neo4j]: logged in
2026-06-13 20:28:21.781+0000 INFO  [neo4j]: logged in
2026-06-13 20:29:19.821+0000 INFO  [neo4j]: logged in
2026-06-13 20:29:21.739+0000 INFO  [neo4j]: logged in
2026-06-13 20:29:22.255+0000 INFO  [neo4j]: logged in
2026-06-13 20:29:22.275+0000 INFO  [neo4j]: logged in
2026-06-13 20:29:22.291+0000 INFO  [neo4j]: logged in
2026-06-13 20:29:22.307+0000 INFO  [neo4j]: logged in
2026-06-13 20:29:22.324+0000 INFO  [neo4j]: logged in
2026-06-13 20:29:22.351+0000 INFO  [neo4j]: logged in
2026-06-13 20:29:22.376+0000 INFO  [neo4j]: logged in
2026-06-13 20:45:13.671+0000 INFO  [neo4j]: logged in
2026-06-14 00:59:00.603+0000 INFO  [neo4j]: logged in
2026-06-14 00:59:01.073+0000 INFO  [neo4j]: logged in
2026-06-14 00:59:19.603+0000 INFO  [neo4j]: logged in
2026-06-14 00:59:19.643+0000 INFO  [neo4j]: logged in
2026-06-14 00:59:36.356+0000 INFO  [neo4j]: logged in
2026-06-14 01:01:35.573+0000 INFO  [neo4j]: logged in
2026-06-14 01:01:35.604+0000 INFO  [neo4j]: logged in
2026-06-14 01:01:55.808+0000 INFO  [neo4j]: logged in
2026-06-14 01:09:59.088+0000 INFO  [neo4j]: logged in
2026-06-14 01:14:22.302+0000 INFO  [neo4j]: logged in
2026-06-14 01:14:22.708+0000 INFO  [neo4j]: logged in
2026-06-14 01:14:31.865+0000 INFO  [neo4j]: logged in
2026-06-14 01:14:31.900+0000 INFO  [neo4j]: logged in
2026-06-14 01:14:44.636+0000 INFO  [neo4j]: logged in
2026-06-14 01:14:44.895+0000 INFO  [neo4j]: logged in
2026-06-14 01:14:44.900+0000 INFO  [neo4j]: logged in
2026-06-14 01:17:05.218+0000 INFO  [neo4j]: logged in
2026-06-14 01:17:05.247+0000 INFO  [neo4j]: logged in
2026-06-14 01:17:24.620+0000 INFO  [neo4j]: logged in
2026-06-14 01:18:59.755+0000 INFO  [neo4j]: logged in
2026-06-14 01:19:01.346+0000 INFO  [neo4j]: logged in
2026-06-14 01:19:01.835+0000 INFO  [neo4j]: logged in
2026-06-14 01:19:01.852+0000 INFO  [neo4j]: logged in
2026-06-14 01:19:01.870+0000 INFO  [neo4j]: logged in
2026-06-14 01:19:01.882+0000 INFO  [neo4j]: logged in
2026-06-14 01:19:01.894+0000 INFO  [neo4j]: logged in
2026-06-14 01:19:01.907+0000 INFO  [neo4j]: logged in
2026-06-14 01:19:01.927+0000 INFO  [neo4j]: logged in
2026-06-14 01:32:23.825+0000 INFO  [neo4j]: logged in
2026-06-14 01:32:23.845+0000 INFO  [neo4j]: logged in
2026-06-14 02:02:25.273+0000 INFO  [neo4j]: logged in
2026-06-14 02:04:37.559+0000 INFO  [neo4j]: logged in
2026-06-14 02:04:39.603+0000 INFO  [neo4j]: logged in
2026-06-14 02:04:40.981+0000 INFO  [neo4j]: logged in
2026-06-14 02:04:41.011+0000 INFO  [neo4j]: logged in
2026-06-14 02:04:51.431+0000 INFO  [neo4j]: logged in
2026-06-14 02:04:52.765+0000 INFO  [neo4j]: logged in
2026-06-14 02:04:52.768+0000 INFO  [neo4j]: logged in
2026-06-14 02:06:28.436+0000 INFO  [neo4j]: logged in
2026-06-14 02:06:29.577+0000 INFO  [neo4j]: logged in
2026-06-14 02:06:30.002+0000 INFO  [neo4j]: logged in
2026-06-14 02:06:30.025+0000 INFO  [neo4j]: logged in
2026-06-14 02:06:30.029+0000 INFO  [neo4j]: logged in
2026-06-14 02:06:30.050+0000 INFO  [neo4j]: logged in
2026-06-14 02:06:30.065+0000 INFO  [neo4j]: logged in
2026-06-14 02:06:30.065+0000 INFO  [neo4j]: logged in
2026-06-14 02:20:25.326+0000 INFO  [neo4j]: logged in
2026-06-14 02:20:25.352+0000 INFO  [neo4j]: logged in
2026-06-14 02:20:30.052+0000 INFO  [neo4j]: logged in
2026-06-14 02:23:12.939+0000 INFO  [neo4j]: logged in
2026-06-14 13:46:52.351+0000 INFO  [neo4j]: logged in
2026-06-14 13:46:54.361+0000 INFO  [neo4j]: logged in
2026-06-14 13:46:55.708+0000 INFO  [neo4j]: logged in
2026-06-14 13:46:55.746+0000 INFO  [neo4j]: logged in
2026-06-14 13:47:23.090+0000 INFO  [neo4j]: logged in
2026-06-14 13:48:04.576+0000 INFO  [neo4j]: logged in
2026-06-14 13:48:06.114+0000 INFO  [neo4j]: logged in
2026-06-14 13:48:06.697+0000 INFO  [neo4j]: logged in
2026-06-14 13:48:06.709+0000 INFO  [neo4j]: logged in
2026-06-14 13:48:06.740+0000 INFO  [neo4j]: logged in
2026-06-14 13:48:06.770+0000 INFO  [neo4j]: logged in
2026-06-14 13:48:06.783+0000 INFO  [neo4j]: logged in
2026-06-14 13:48:06.813+0000 INFO  [neo4j]: logged in
2026-06-14 13:48:06.856+0000 INFO  [neo4j]: logged in
2026-06-14 13:52:48.207+0000 INFO  [neo4j]: logged in
